2025-02-26 12:27:38,701 - server - INFO - Starting gRPC server on port 50051.
2025-02-26 12:27:38,710 - server - INFO - Server initialized: <grpc._server._Server object at 0xffff9c5f0cd0>
2025-02-26 12:27:38,715 - server - INFO - Server started. Press Ctrl+C to stop.
2025-02-26 12:27:39,001 - server - INFO - Received 1000 metrics.
2025-02-26 12:27:39,027 - storage - INFO - Saved 1000 metrics to /app/results/metrics.json
2025-02-26 12:27:39,030 - storage - INFO - Saved 1000 metrics to /app/results/metrics.proto.bin
2025-02-26 12:27:39,129 - storage - INFO - Saved 1000 metrics to /app/results/metrics.flatbuf
2025-02-26 12:27:39,141 - deserialize_perfomance - INFO - JSON deserialization took 0.0033 seconds, size: 168354 bytes.
2025-02-26 12:27:39,142 - deserialize_perfomance - INFO - Protobuf deserialization took 0.0009 seconds, size: 52890 bytes.
2025-02-26 12:27:39,144 - deserialize_perfomance - INFO - FlatBuffers deserialization took 0.0009 seconds, size: 52890 bytes.
2025-02-26 12:27:39,145 - deserialize_perfomance - INFO - Processed 1000 metrics in performance measurement.
2025-02-26 12:27:39,145 - server - INFO - Metrics processed successfully.
2025-02-26 12:28:07,286 - server - INFO - Starting gRPC server on port 50051.
2025-02-26 12:28:07,295 - server - INFO - Server initialized: <grpc._server._Server object at 0xffffa003a3a0>
2025-02-26 12:28:07,299 - server - INFO - Server started. Press Ctrl+C to stop.
2025-02-26 12:28:07,543 - server - INFO - Received 1000 metrics.
2025-02-26 12:28:07,614 - storage - INFO - Saved 1000 metrics to /app/results/metrics.json
2025-02-26 12:28:07,616 - storage - INFO - Saved 1000 metrics to /app/results/metrics.proto.bin
2025-02-26 12:28:07,652 - storage - INFO - Saved 1000 metrics to /app/results/metrics.flatbuf
2025-02-26 12:28:07,655 - deserialize_perfomance - INFO - JSON deserialization took 0.0021 seconds, size: 168261 bytes.
2025-02-26 12:28:07,656 - deserialize_perfomance - INFO - Protobuf deserialization took 0.0006 seconds, size: 52890 bytes.
2025-02-26 12:28:07,657 - deserialize_perfomance - INFO - FlatBuffers deserialization took 0.0005 seconds, size: 52890 bytes.
2025-02-26 12:28:07,658 - deserialize_perfomance - INFO - Processed 1000 metrics in performance measurement.
2025-02-26 12:28:07,658 - server - INFO - Metrics processed successfully.
